{"/workspace/src/components/Dropdown.tsx": {"path":"/workspace/src/components/Dropdown.tsx","all":false,"statementMap":{"0":{"start":{"line":1,"column":0},"end":{"line":1,"column":44}},"1":{"start":{"line":2,"column":0},"end":{"line":2,"column":22}},"2":{"start":{"line":3,"column":0},"end":{"line":3,"column":0}},"3":{"start":{"line":4,"column":0},"end":{"line":4,"column":22}},"4":{"start":{"line":5,"column":0},"end":{"line":5,"column":16}},"5":{"start":{"line":6,"column":0},"end":{"line":6,"column":22}},"6":{"start":{"line":7,"column":0},"end":{"line":7,"column":2}},"7":{"start":{"line":8,"column":0},"end":{"line":8,"column":0}},"8":{"start":{"line":9,"column":0},"end":{"line":9,"column":58}},"9":{"start":{"line":10,"column":0},"end":{"line":10,"column":46}},"10":{"start":{"line":11,"column":0},"end":{"line":11,"column":0}},"11":{"start":{"line":12,"column":0},"end":{"line":12,"column":29}},"12":{"start":{"line":13,"column":0},"end":{"line":13,"column":48}},"13":{"start":{"line":14,"column":0},"end":{"line":14,"column":4}},"14":{"start":{"line":15,"column":0},"end":{"line":15,"column":0}},"15":{"start":{"line":16,"column":0},"end":{"line":16,"column":10}},"16":{"start":{"line":17,"column":0},"end":{"line":17,"column":8}},"17":{"start":{"line":18,"column":0},"end":{"line":18,"column":19}},"18":{"start":{"line":19,"column":0},"end":{"line":19,"column":184}},"19":{"start":{"line":20,"column":0},"end":{"line":20,"column":5}},"20":{"start":{"line":21,"column":0},"end":{"line":21,"column":13}},"21":{"start":{"line":22,"column":0},"end":{"line":22,"column":29}},"22":{"start":{"line":23,"column":0},"end":{"line":23,"column":125}},"23":{"start":{"line":24,"column":0},"end":{"line":24,"column":7}},"24":{"start":{"line":25,"column":0},"end":{"line":25,"column":45}},"25":{"start":{"line":26,"column":0},"end":{"line":26,"column":10}},"26":{"start":{"line":27,"column":0},"end":{"line":27,"column":31}},"27":{"start":{"line":28,"column":0},"end":{"line":28,"column":33}},"28":{"start":{"line":29,"column":0},"end":{"line":29,"column":39}},"29":{"start":{"line":30,"column":0},"end":{"line":30,"column":36}},"30":{"start":{"line":31,"column":0},"end":{"line":31,"column":9}},"31":{"start":{"line":32,"column":0},"end":{"line":32,"column":11}},"32":{"start":{"line":33,"column":0},"end":{"line":33,"column":12}},"33":{"start":{"line":34,"column":0},"end":{"line":34,"column":15}},"34":{"start":{"line":35,"column":0},"end":{"line":35,"column":17}},"35":{"start":{"line":36,"column":0},"end":{"line":36,"column":80}},"36":{"start":{"line":37,"column":0},"end":{"line":37,"column":15}},"37":{"start":{"line":38,"column":0},"end":{"line":38,"column":17}},"38":{"start":{"line":39,"column":0},"end":{"line":39,"column":12}},"39":{"start":{"line":40,"column":0},"end":{"line":40,"column":32}},"40":{"start":{"line":41,"column":0},"end":{"line":41,"column":98}},"41":{"start":{"line":42,"column":0},"end":{"line":42,"column":9}},"42":{"start":{"line":43,"column":0},"end":{"line":43,"column":20}},"43":{"start":{"line":44,"column":0},"end":{"line":44,"column":14}},"44":{"start":{"line":45,"column":0},"end":{"line":45,"column":15}},"45":{"start":{"line":46,"column":0},"end":{"line":46,"column":10}},"46":{"start":{"line":47,"column":0},"end":{"line":47,"column":4}},"47":{"start":{"line":48,"column":0},"end":{"line":48,"column":2}},"48":{"start":{"line":49,"column":0},"end":{"line":49,"column":0}},"49":{"start":{"line":50,"column":0},"end":{"line":50,"column":24}}},"s":{"0":1,"1":1,"2":1,"3":1,"4":1,"5":1,"6":1,"7":1,"8":1,"9":8,"10":8,"11":8,"12":4,"13":4,"14":8,"15":8,"16":8,"17":8,"18":8,"19":8,"20":8,"21":8,"22":8,"23":8,"24":8,"25":8,"26":8,"27":8,"28":8,"29":8,"30":8,"31":8,"32":8,"33":8,"34":8,"35":3,"36":5,"37":8,"38":3,"39":3,"40":3,"41":3,"42":3,"43":5,"44":8,"45":8,"46":8,"47":8,"48":1,"49":1},"branchMap":{"0":{"type":"branch","line":9,"loc":{"start":{"line":9,"column":17},"end":{"line":48,"column":2}},"locations":[{"start":{"line":9,"column":17},"end":{"line":48,"column":2}}]},"1":{"type":"branch","line":29,"loc":{"start":{"line":29,"column":12},"end":{"line":29,"column":35}},"locations":[{"start":{"line":29,"column":12},"end":{"line":29,"column":35}}]},"2":{"type":"branch","line":29,"loc":{"start":{"line":29,"column":21},"end":{"line":29,"column":39}},"locations":[{"start":{"line":29,"column":21},"end":{"line":29,"column":39}}]},"3":{"type":"branch","line":35,"loc":{"start":{"line":35,"column":7},"end":{"line":36,"column":80}},"locations":[{"start":{"line":35,"column":7},"end":{"line":36,"column":80}}]},"4":{"type":"branch","line":36,"loc":{"start":{"line":36,"column":73},"end":{"line":37,"column":15}},"locations":[{"start":{"line":36,"column":73},"end":{"line":37,"column":15}}]},"5":{"type":"branch","line":38,"loc":{"start":{"line":38,"column":7},"end":{"line":43,"column":20}},"locations":[{"start":{"line":38,"column":7},"end":{"line":43,"column":20}}]},"6":{"type":"branch","line":43,"loc":{"start":{"line":43,"column":19},"end":{"line":45,"column":14}},"locations":[{"start":{"line":43,"column":19},"end":{"line":45,"column":14}}]},"7":{"type":"branch","line":12,"loc":{"start":{"line":12,"column":22},"end":{"line":14,"column":4}},"locations":[{"start":{"line":12,"column":22},"end":{"line":14,"column":4}}]},"8":{"type":"branch","line":13,"loc":{"start":{"line":13,"column":4},"end":{"line":13,"column":32}},"locations":[{"start":{"line":13,"column":4},"end":{"line":13,"column":32}}]}},"b":{"0":[8],"1":[3],"2":[5],"3":[3],"4":[5],"5":[3],"6":[5],"7":[4],"8":[0]},"fnMap":{"0":{"name":"Dropdown","decl":{"start":{"line":9,"column":17},"end":{"line":48,"column":2}},"loc":{"start":{"line":9,"column":17},"end":{"line":48,"column":2}},"line":9},"1":{"name":"handleClick","decl":{"start":{"line":12,"column":22},"end":{"line":14,"column":4}},"loc":{"start":{"line":12,"column":22},"end":{"line":14,"column":4}},"line":12}},"f":{"0":8,"1":4}}
}
